TypeError: auth.getToken is not a function
    at archive (/var/www/app/auth/email.js:21:31)
    at Layer.handle [as handle_request] (/var/www/node_modules/express/lib/router/layer.js:82:5)
    at next (/var/www/node_modules/express/lib/router/route.js:100:13)
    at Route.dispatch (/var/www/node_modules/express/lib/router/route.js:81:3)
    at Layer.handle [as handle_request] (/var/www/node_modules/express/lib/router/layer.js:82:5)
    at /var/www/node_modules/express/lib/router/index.js:234:24
    at Function.proto.process_params (/var/www/node_modules/express/lib/router/index.js:312:12)
    at /var/www/node_modules/express/lib/router/index.js:228:12
    at Function.match_layer (/var/www/node_modules/express/lib/router/index.js:295:3)
    at next (/var/www/node_modules/express/lib/router/index.js:189:10)
    at /var/www/node_modules/express/lib/router/index.js:191:16
    at Function.match_layer (/var/www/node_modules/express/lib/router/index.js:295:3)
    at next (/var/www/node_modules/express/lib/router/index.js:189:10)
    at /var/www/node_modules/express/lib/router/index.js:191:16
    at Function.match_layer (/var/www/node_modules/express/lib/router/index.js:295:3)
    at next (/var/www/node_modules/express/lib/router/index.js:189:10)
TypeError: auth.getToken is not a function
    at archive (/var/www/app/auth/email.js:21:31)
    at Layer.handle [as handle_request] (/var/www/node_modules/express/lib/router/layer.js:82:5)
    at next (/var/www/node_modules/express/lib/router/route.js:100:13)
    at Route.dispatch (/var/www/node_modules/express/lib/router/route.js:81:3)
    at Layer.handle [as handle_request] (/var/www/node_modules/express/lib/router/layer.js:82:5)
    at /var/www/node_modules/express/lib/router/index.js:234:24
    at Function.proto.process_params (/var/www/node_modules/express/lib/router/index.js:312:12)
    at /var/www/node_modules/express/lib/router/index.js:228:12
    at Function.match_layer (/var/www/node_modules/express/lib/router/index.js:295:3)
    at next (/var/www/node_modules/express/lib/router/index.js:189:10)
    at /var/www/node_modules/express/lib/router/index.js:191:16
    at Function.match_layer (/var/www/node_modules/express/lib/router/index.js:295:3)
    at next (/var/www/node_modules/express/lib/router/index.js:189:10)
    at /var/www/node_modules/express/lib/router/index.js:191:16
    at Function.match_layer (/var/www/node_modules/express/lib/router/index.js:295:3)
    at next (/var/www/node_modules/express/lib/router/index.js:189:10)
