(node:15503) DeprecationWarning: current URL string parser is deprecated, and will be removed in a future version. To use the new parser, pass option { useNewUrlParser: true } to MongoClient.connect.
(node:15503) DeprecationWarning: current Server Discovery and Monitoring engine is deprecated, and will be removed in a future version. To use the new Server Discover and Monitoring engine, pass option { useUnifiedTopology: true } to the MongoClient constructor.
(node:15503) DeprecationWarning: collection.ensureIndex is deprecated. Use createIndexes instead.
Error: Not Found
    at /home/ubuntu/cost/cost/server.js:72:15
    at Layer.handle [as handle_request] (/home/ubuntu/cost/cost/node_modules/express/lib/router/layer.js:95:5)
    at trim_prefix (/home/ubuntu/cost/cost/node_modules/express/lib/router/index.js:317:13)
    at /home/ubuntu/cost/cost/node_modules/express/lib/router/index.js:284:7
    at Function.process_params (/home/ubuntu/cost/cost/node_modules/express/lib/router/index.js:335:12)
    at next (/home/ubuntu/cost/cost/node_modules/express/lib/router/index.js:275:10)
    at /home/ubuntu/cost/cost/node_modules/express/lib/router/index.js:635:15
    at next (/home/ubuntu/cost/cost/node_modules/express/lib/router/index.js:260:14)
    at Function.handle (/home/ubuntu/cost/cost/node_modules/express/lib/router/index.js:174:3)
    at router (/home/ubuntu/cost/cost/node_modules/express/lib/router/index.js:47:12)
    at Layer.handle [as handle_request] (/home/ubuntu/cost/cost/node_modules/express/lib/router/layer.js:95:5)
    at trim_prefix (/home/ubuntu/cost/cost/node_modules/express/lib/router/index.js:317:13)
    at /home/ubuntu/cost/cost/node_modules/express/lib/router/index.js:284:7
    at Function.process_params (/home/ubuntu/cost/cost/node_modules/express/lib/router/index.js:335:12)
    at next (/home/ubuntu/cost/cost/node_modules/express/lib/router/index.js:275:10)
    at next (/home/ubuntu/cost/cost/node_modules/express/lib/router/route.js:127:14)
Error: Not Found
    at /home/ubuntu/cost/cost/server.js:72:15
    at Layer.handle [as handle_request] (/home/ubuntu/cost/cost/node_modules/express/lib/router/layer.js:95:5)
    at trim_prefix (/home/ubuntu/cost/cost/node_modules/express/lib/router/index.js:317:13)
    at /home/ubuntu/cost/cost/node_modules/express/lib/router/index.js:284:7
    at Function.process_params (/home/ubuntu/cost/cost/node_modules/express/lib/router/index.js:335:12)
    at next (/home/ubuntu/cost/cost/node_modules/express/lib/router/index.js:275:10)
    at /home/ubuntu/cost/cost/node_modules/express/lib/router/index.js:635:15
    at next (/home/ubuntu/cost/cost/node_modules/express/lib/router/index.js:260:14)
    at Function.handle (/home/ubuntu/cost/cost/node_modules/express/lib/router/index.js:174:3)
    at router (/home/ubuntu/cost/cost/node_modules/express/lib/router/index.js:47:12)
    at Layer.handle [as handle_request] (/home/ubuntu/cost/cost/node_modules/express/lib/router/layer.js:95:5)
    at trim_prefix (/home/ubuntu/cost/cost/node_modules/express/lib/router/index.js:317:13)
    at /home/ubuntu/cost/cost/node_modules/express/lib/router/index.js:284:7
    at Function.process_params (/home/ubuntu/cost/cost/node_modules/express/lib/router/index.js:335:12)
    at next (/home/ubuntu/cost/cost/node_modules/express/lib/router/index.js:275:10)
    at next (/home/ubuntu/cost/cost/node_modules/express/lib/router/route.js:127:14)
