Error: Not Found
    at /home/ubuntu/cost/cost/server.js:81:15
    at Layer.handle [as handle_request] (/home/ubuntu/cost/cost/node_modules/express/lib/router/layer.js:95:5)
    at trim_prefix (/home/ubuntu/cost/cost/node_modules/express/lib/router/index.js:317:13)
    at /home/ubuntu/cost/cost/node_modules/express/lib/router/index.js:284:7
    at Function.process_params (/home/ubuntu/cost/cost/node_modules/express/lib/router/index.js:335:12)
    at next (/home/ubuntu/cost/cost/node_modules/express/lib/router/index.js:275:10)
    at /home/ubuntu/cost/cost/node_modules/express/lib/router/index.js:635:15
    at next (/home/ubuntu/cost/cost/node_modules/express/lib/router/index.js:260:14)
    at Function.handle (/home/ubuntu/cost/cost/node_modules/express/lib/router/index.js:174:3)
    at router (/home/ubuntu/cost/cost/node_modules/express/lib/router/index.js:47:12)
    at Layer.handle [as handle_request] (/home/ubuntu/cost/cost/node_modules/express/lib/router/layer.js:95:5)
    at trim_prefix (/home/ubuntu/cost/cost/node_modules/express/lib/router/index.js:317:13)
    at /home/ubuntu/cost/cost/node_modules/express/lib/router/index.js:284:7
    at Function.process_params (/home/ubuntu/cost/cost/node_modules/express/lib/router/index.js:335:12)
    at next (/home/ubuntu/cost/cost/node_modules/express/lib/router/index.js:275:10)
    at next (/home/ubuntu/cost/cost/node_modules/express/lib/router/route.js:127:14)
Error: Not Found
    at /home/ubuntu/cost/cost/server.js:81:15
    at Layer.handle [as handle_request] (/home/ubuntu/cost/cost/node_modules/express/lib/router/layer.js:95:5)
    at trim_prefix (/home/ubuntu/cost/cost/node_modules/express/lib/router/index.js:317:13)
    at /home/ubuntu/cost/cost/node_modules/express/lib/router/index.js:284:7
    at Function.process_params (/home/ubuntu/cost/cost/node_modules/express/lib/router/index.js:335:12)
    at next (/home/ubuntu/cost/cost/node_modules/express/lib/router/index.js:275:10)
    at /home/ubuntu/cost/cost/node_modules/express/lib/router/index.js:635:15
    at next (/home/ubuntu/cost/cost/node_modules/express/lib/router/index.js:260:14)
    at Function.handle (/home/ubuntu/cost/cost/node_modules/express/lib/router/index.js:174:3)
    at router (/home/ubuntu/cost/cost/node_modules/express/lib/router/index.js:47:12)
    at Layer.handle [as handle_request] (/home/ubuntu/cost/cost/node_modules/express/lib/router/layer.js:95:5)
    at trim_prefix (/home/ubuntu/cost/cost/node_modules/express/lib/router/index.js:317:13)
    at /home/ubuntu/cost/cost/node_modules/express/lib/router/index.js:284:7
    at Function.process_params (/home/ubuntu/cost/cost/node_modules/express/lib/router/index.js:335:12)
    at next (/home/ubuntu/cost/cost/node_modules/express/lib/router/index.js:275:10)
    at next (/home/ubuntu/cost/cost/node_modules/express/lib/router/route.js:127:14)
